00000000	0x00100000	ldc	0x1000
00000001	0x0000000b	a2sp	0x0
00000002	0xffffff0a	adj	0xffffff
00000003	0x00000a00	ldc	0xa
00000004	0xfffffb03	stl	0xfffffb
00000005	0x00004100	ldc	array
00000006	0x0000010d	call	sort
00000007	0x00000012	HALT	0x0
00000008				sort:
00000008	0xffffff0a	adj	0xffffff
00000009	0xfffff603	stl	0xfffff6
0000000a	0xfffff703	stl	0xfffff7
0000000b	0xfffffd0a	adj	0xfffffd
0000000c	0x00000000	ldc	0x0
0000000d	0xfffff203	stl	0xfffff2
0000000e	0x00000100	ldc	0x1
0000000f	0xfffff103	stl	0xfffff1
00000010	0x00000000	ldc	0x0
00000011	0xfffff003	stl	0xfffff0
00000012				loopout:
00000012	0xfffff102	ldl	0xfffff1
00000013	0xffffee02	ldl	0xffffee
00000014	0x00000007	sub	0x0
00000015	0x00000100	ldc	0x1
00000016	0x00000007	sub	0x0
00000017	0x0000260f	brz	done
00000018	0x00000100	ldc	0x1
00000019	0xffffe703	stl	0xffffe7
0000001a				loopin:
0000001a	0xffffe902	ldl	0xffffe9
0000001b	0xffffe602	ldl	0xffffe6
0000001c	0x00000007	sub	0x0
0000001d	0xffffe302	ldl	0xffffe3
0000001e	0x00000007	sub	0x0
0000001f	0x0000160f	brz	addx
00000020	0xffffe402	ldl	0xffffe4
00000021	0xffffde04	ldnl	0xffffde
00000022	0x00000000	ldc	0x0
00000023	0xffffdd04	ldnl	0xffffdd
00000024	0x00000007	sub	0x0
00000025	0x00000110	brlz	swap
00000026	0x00000a11	br	addy
00000027				swap:
00000027	0xffffdd02	ldl	0xffffdd
00000028	0xffffd704	ldnl	0xffffd7
00000029	0xffffd603	stl	0xffffd6
0000002a	0xffffda02	ldl	0xffffda
0000002b	0xffffd504	ldnl	0xffffd5
0000002c	0xffffd802	ldl	0xffffd8
0000002d	0xffffd205	stnl	0xffffd2
0000002e	0xffffd102	ldl	0xffffd1
0000002f	0xffffd502	ldl	0xffffd5
00000030	0xffffd005	stnl	0xffffd0
00000031				addy:
00000031	0x00000100	ldc	0x1
00000032	0xffffce02	ldl	0xffffce
00000033	0x00000006	add	0x0
00000034	0xffffcc03	stl	0xffffcc
00000035	0xffffe411	br	loopin
00000036				addx:
00000036	0x00000100	ldc	0x1
00000037	0xffffca02	ldl	0xffffca
00000038	0x00000006	add	0x0
00000039	0xffffc803	stl	0xffffc8
0000003a	0x00000100	ldc	0x1
0000003b	0xffffc902	ldl	0xffffc9
0000003c	0x00000006	add	0x0
0000003d	0xffffd411	br	loopout
0000003e				done:
0000003e	0xffffc402	ldl	0xffffc4
0000003f	0x0000050a	adj	0x5
00000040	0x0000000e	return	0x0
00000041				array:
00000041	0x00000002	data	0x2
00000042	0x00000001	data	0x1
00000043	0x00000003	data	0x3
00000044	0x00000004	data	0x4
00000045	0x00000005	data	0x5
00000046	0x00000006	data	0x6
00000047	0x00000007	data	0x7
00000048	0x00000008	data	0x8
00000049	0x00000009	data	0x9
0000004a	0x0000000a	data	0xa
